<?xml version="1.0" encoding="UTF-8"?>
<testng-results ignored="0" total="0" passed="0" failed="0" skipped="0">
  <reporter-output>
  </reporter-output>
  <suite started-at="2022-07-24T00:52:24 IST" name="runners.TestRunner" finished-at="2022-07-24T00:52:24 IST" duration-ms="306">
    <groups>
    </groups>
    <test started-at="2022-07-24T00:52:24 IST" name="Command line test" finished-at="2022-07-24T00:52:24 IST" duration-ms="306">
    </test> <!-- Command line test -->
  </suite> <!-- runners.TestRunner -->
</testng-results>
